<persistence-unit name="tcm-PU" transaction-type="JTA">
    <jta-data-source>jdbc/tcmTest</jta-data-source>
    <properties>
        <class>com.tcm.tcmapp.business.Pagina</class>
        <class>com.tcm.tcmapp.business.Usuario</class>
        <class>com.tcm.tcmapp.business.Rol</class>
        <class>com.tcm.tcmapp.business.Icono</class>
        <class>com.tcm.tcmapp.business.Permiso</class>
<!--        <class>com.tcm.tcmapp.business.VUsuarioRol</class>-->

        <property name="eclipselink.ddl-generation" value="drop-and-create-tables"/>
        <property name="eclipselink.logging.level" value="FINE"/>
        <property name="eclipselink.logging.level.sql" value="FINE"/>
        <property name="eclipselink.logging.parameters" value="true"/>
    </properties>
</persistence-unit>